Arguments: 
  /Users/bejamincook/.nvm/versions/node/v16.19.0/bin/node /opt/homebrew/Cellar/yarn/1.22.19/libexec/bin/yarn.js

PATH: 
  /Users/bejamincook/.deno/bin:/opt/homebrew/opt/openjdk/bin:/Users/bejamincook/.bun/bin:/Users/bejamincook/.pyenv/shims:/Users/bejamincook/.nvm/versions/node/v16.19.0/bin:/opt/homebrew/bin:/opt/homebrew/sbin:/usr/local/bin:/System/Cryptexes/App/usr/bin:/usr/bin:/bin:/usr/sbin:/sbin:/usr/local/share/dotnet:~/.dotnet/tools:/Users/bejamincook/.deno/bin:/opt/homebrew/opt/openjdk/bin:/Users/bejamincook/.bun/bin:/Users/bejamincook/.nvm/versions/node/v16.19.0/bin:/opt/homebrew/bin:/opt/homebrew/sbin:/Users/bejamincook/.cargo/bin:/opt/homebrew/bin

Yarn version: 
  1.22.19

Node version: 
  16.19.0

Platform: 
  darwin arm64

Trace: 
  Error: https://registry.yarnpkg.com/bentjs: Not found
      at Request.params.callback [as _callback] (/opt/homebrew/Cellar/yarn/1.22.19/libexec/lib/cli.js:66145:18)
      at Request.self.callback (/opt/homebrew/Cellar/yarn/1.22.19/libexec/lib/cli.js:140890:22)
      at Request.emit (node:events:513:28)
      at Request.<anonymous> (/opt/homebrew/Cellar/yarn/1.22.19/libexec/lib/cli.js:141862:10)
      at Request.emit (node:events:513:28)
      at IncomingMessage.<anonymous> (/opt/homebrew/Cellar/yarn/1.22.19/libexec/lib/cli.js:141784:12)
      at Object.onceWrapper (node:events:627:28)
      at IncomingMessage.emit (node:events:525:35)
      at endReadableNT (node:internal/streams/readable:1358:12)
      at processTicksAndRejections (node:internal/process/task_queues:83:21)

npm manifest: 
  {
    "name": "basic",
    "version": "1.0.0",
    "main": "index.js",
    "license": "MIT",
    "scripts": {
      "start": "bent start"
    },
    "dependencies": {
      "bentjs": "1.0.0"
    }
  }

yarn manifest: 
  No manifest

Lockfile: 
  No lockfile
